0 info it worked if it ends with ok
1 verbose cli [
1 verbose cli   'C:\\Program Files\\nodejs\\node.exe',
1 verbose cli   'C:\\Users\\Samuel\\AppData\\Roaming\\npm\\node_modules\\npm\\bin\\npm-cli.js',
1 verbose cli   'remove',
1 verbose cli   'npm@3'
1 verbose cli ]
2 info using npm@3.10.10
3 info using node@v14.17.5
4 silly loadCurrentTree Starting
5 silly install loadCurrentTree
6 silly install readLocalPackageData
7 verbose stack TypeError: cb.apply is not a function
7 verbose stack     at C:\Users\Samuel\AppData\Roaming\npm\node_modules\npm\node_modules\graceful-fs\polyfills.js:267:18
7 verbose stack     at FSReqCallback.oncomplete (fs.js:193:5)
8 verbose cwd C:\Users\Samuel\Desktop\CoderHouse\Backend\Proyecto\e-backend
9 error Windows_NT 10.0.19044
10 error argv "C:\\Program Files\\nodejs\\node.exe" "C:\\Users\\Samuel\\AppData\\Roaming\\npm\\node_modules\\npm\\bin\\npm-cli.js" "remove" "npm@3"
11 error node v14.17.5
12 error npm  v3.10.10
13 error cb.apply is not a function
14 error If you need help, you may report this error at:
14 error     <https://github.com/npm/npm/issues>
15 verbose exit [ 1, true ]
